CRITICAL - 2024-01-25 23:27:11 --> Call to undefined method CodeIgniter\View\View::extends()
in APPPATH\Views\residents\add.php on line 2.
 1 SYSTEMPATH\View\View.php(228): include()
 2 SYSTEMPATH\View\View.php(231): CodeIgniter\View\View->CodeIgniter\View\{closure}()
 3 SYSTEMPATH\Common.php(1190): CodeIgniter\View\View->render('residents/add', [], true)
 4 APPPATH\Controllers\ResidentsController.php(16): view('residents/add')
 5 SYSTEMPATH\CodeIgniter.php(942): App\Controllers\ResidentsController->createResident()
 6 SYSTEMPATH\CodeIgniter.php(502): CodeIgniter\CodeIgniter->runController(Object(App\Controllers\ResidentsController))
 7 SYSTEMPATH\CodeIgniter.php(361): CodeIgniter\CodeIgniter->handleRequest(null, Object(Config\Cache), false)
 8 FCPATH\index.php(79): CodeIgniter\CodeIgniter->run()
 9 SYSTEMPATH\Commands\Server\rewrite.php(47): require_once('C:\\xampp\\htdocs\\cayetanoProject_ci\\public\\index.php')
CRITICAL - 2024-01-25 23:27:31 --> Call to undefined method CodeIgniter\View\View::extends()
in APPPATH\Views\residents\add.php on line 2.
 1 SYSTEMPATH\View\View.php(228): include()
 2 SYSTEMPATH\View\View.php(231): CodeIgniter\View\View->CodeIgniter\View\{closure}()
 3 SYSTEMPATH\Common.php(1190): CodeIgniter\View\View->render('residents/add', [], true)
 4 APPPATH\Controllers\ResidentsController.php(16): view('residents/add')
 5 SYSTEMPATH\CodeIgniter.php(942): App\Controllers\ResidentsController->createResident()
 6 SYSTEMPATH\CodeIgniter.php(502): CodeIgniter\CodeIgniter->runController(Object(App\Controllers\ResidentsController))
 7 SYSTEMPATH\CodeIgniter.php(361): CodeIgniter\CodeIgniter->handleRequest(null, Object(Config\Cache), false)
 8 FCPATH\index.php(79): CodeIgniter\CodeIgniter->run()
 9 SYSTEMPATH\Commands\Server\rewrite.php(47): require_once('C:\\xampp\\htdocs\\cayetanoProject_ci\\public\\index.php')
CRITICAL - 2024-01-25 23:27:47 --> Call to undefined method CodeIgniter\View\View::extends()
in APPPATH\Views\residents\add.php on line 2.
 1 SYSTEMPATH\View\View.php(228): include()
 2 SYSTEMPATH\View\View.php(231): CodeIgniter\View\View->CodeIgniter\View\{closure}()
 3 SYSTEMPATH\Common.php(1190): CodeIgniter\View\View->render('residents/add', [], true)
 4 APPPATH\Controllers\ResidentsController.php(16): view('residents/add')
 5 SYSTEMPATH\CodeIgniter.php(942): App\Controllers\ResidentsController->createResident()
 6 SYSTEMPATH\CodeIgniter.php(502): CodeIgniter\CodeIgniter->runController(Object(App\Controllers\ResidentsController))
 7 SYSTEMPATH\CodeIgniter.php(361): CodeIgniter\CodeIgniter->handleRequest(null, Object(Config\Cache), false)
 8 FCPATH\index.php(79): CodeIgniter\CodeIgniter->run()
 9 SYSTEMPATH\Commands\Server\rewrite.php(47): require_once('C:\\xampp\\htdocs\\cayetanoProject_ci\\public\\index.php')
